【登录信息】
*91ffede9a1909ab79707051367b7d7b4*
`登陆天数: 112天 / 1430天
等级: 128
石头: 484
呼符: 127
体力: 894.3266666666667 / 137
友情点: 0 / 795045`
*連続ログイン7日間到達おめでとうございます！
明日は1日目からリスタートされます。*
`獣の足跡 X 1
呼符 X 1
2月交換券(2024) X 1
`*「FGO カルデア・サテライトステーション 2023-2024」新潟会場開催記念 3万リポスト達成プレゼント*
*開催期間中、初回ログインで「聖晶石×6」をプレゼント！*
`聖晶石 X 6
`_2024-02-11 19:32:06_
--------
*6591414ca352f05ca3d730b31cb350f9*
`登陆天数: 4天 / 1470天
等级: 125
石头: 691
呼符: 60
体力: 885.22 / 137
友情点: 0 / 960425`
*連続ログイン4日目
※ログインが途切れるか、7日到達すると
1日目から再開されます*
`聖晶石 X 1
2月交換券(2024) X 1
`*「FGO カルデア・サテライトステーション 2023-2024」新潟会場開催記念 3万リポスト達成プレゼント*
*開催期間中、初回ログインで「聖晶石×6」をプレゼント！*
`聖晶石 X 6
`_2024-02-11 19:32:14_
--------
*b94ad6bb249aaf4beb30a6e7974c332e*
`登陆天数: 4天 / 682天
等级: 124
石头: 56
呼符: 0
体力: 881.4966666666667 / 136
友情点: 0 / 201440`
*連続ログイン4日目
※ログインが途切れるか、7日到達すると
1日目から再開されます*
`聖晶石 X 1
2月交換券(2024) X 1
`*「FGO カルデア・サテライトステーション 2023-2024」新潟会場開催記念 3万リポスト達成プレゼント*
*開催期間中、初回ログインで「聖晶石×6」をプレゼント！*
`聖晶石 X 6
`_2024-02-11 19:32:23_
--------
