【登录信息】
*91ffede9a1909ab79707051367b7d7b4*
`登陆天数: 113天 / 1431天
等级: 128
石头: 484
呼符: 127
体力: 1182.3266666666666 / 137
友情点: 0 / 795045`
*連続ログイン1日目
※ログインが途切れるか、7日到達すると
1日目から再開されます*
`フレンドポイント X 2000
2月交換券(2024) X 1
`*日替りログインボーナス*
*開催期間中、1日1回 2週間日替りでログインボーナスをプレゼント！*
`巡霊の葉 X 30
`_2024-02-12 19:32:07_
--------
*6591414ca352f05ca3d730b31cb350f9*
`登陆天数: 5天 / 1471天
等级: 125
石头: 691
呼符: 60
体力: 1173.2233333333334 / 137
友情点: 0 / 960425`
*連続ログイン5日目
※ログインが途切れるか、7日到達すると
1日目から再開されます*
`叡智の業火 X 2
2月交換券(2024) X 1
`*日替りログインボーナス*
*開催期間中、1日1回 2週間日替りでログインボーナスをプレゼント！*
`巡霊の葉 X 30
`_2024-02-12 19:32:15_
--------
*b94ad6bb249aaf4beb30a6e7974c332e*
`登陆天数: 5天 / 683天
等级: 124
石头: 56
呼符: 0
体力: 1169.5 / 136
友情点: 0 / 201440`
*連続ログイン5日目
※ログインが途切れるか、7日到達すると
1日目から再開されます*
`叡智の業火 X 2
2月交換券(2024) X 1
`*日替りログインボーナス*
*開催期間中、1日1回 2週間日替りでログインボーナスをプレゼント！*
`巡霊の葉 X 30
`_2024-02-12 19:32:23_
--------
