【登录信息】
*91ffede9a1909ab79707051367b7d7b4*
`登陆天数: 114天 / 1432天
等级: 128
石头: 484
呼符: 127
体力: 1470.2833333333333 / 137
友情点: 0 / 795045`
*連続ログイン2日目
※ログインが途切れるか、7日到達すると
1日目から再開されます*
`聖晶石 X 1
2月交換券(2024) X 1
`*日替りログインボーナス*
*開催期間中、1日1回 2週間日替りでログインボーナスをプレゼント！*
`巡霊の葉 X 30
`_2024-02-13 19:31:53_
--------
*6591414ca352f05ca3d730b31cb350f9*
`登陆天数: 6天 / 1472天
等级: 125
石头: 691
呼符: 60
体力: 1461.1766666666667 / 137
友情点: 0 / 960425`
*連続ログイン6日目
※ログインが途切れるか、7日到達すると
1日目から再開されます*
`聖晶石 X 2
2月交換券(2024) X 1
`*バレンタイン2024
開幕直前特別ログインボーナス*
*開催期間中、1日1回 最大7回ログインボーナスをプレゼント！*
`QP X 3000000
`_2024-02-13 19:32:01_
--------
*b94ad6bb249aaf4beb30a6e7974c332e*
`登陆天数: 6天 / 684天
等级: 124
石头: 56
呼符: 0
体力: 1457.4533333333334 / 136
友情点: 0 / 201440`
*連続ログイン6日目
※ログインが途切れるか、7日到達すると
1日目から再開されます*
`聖晶石 X 2
2月交換券(2024) X 1
`*バレンタイン2024
開幕直前特別ログインボーナス*
*開催期間中、1日1回 最大7回ログインボーナスをプレゼント！*
`QP X 3000000
`_2024-02-13 19:32:09_
--------
